
===============================================================================
Intel (R) Flash Image Tool. Version: 15.40.16.2534
Copyright (c) 2013 - 2021, Intel Corporation. All rights reserved.
11/12/2022 - 7:19:16 
===============================================================================

Using vsccommn.bin with timestamp 15:10:12 08/11/2021 GMT

Command Line: F:\LBE Versions\LBE++.3.0.0.0\LBE++\MME\WIN32 08\WIN32\fit.exe 

Log file written to fit.log


===============================================================================
Intel (R) Flash Image Tool. Version: 15.40.16.2534
Copyright (c) 2013 - 2021, Intel Corporation. All rights reserved.
11/12/2022 - 7:19:30 
===============================================================================

Using vsccommn.bin with timestamp 15:10:12 08/11/2021 GMT

Command Line: F:\LBE Versions\LBE++.3.0.0.0\LBE++\MME\WIN32 08\WIN32\fit.exe 

Log file written to fit.log


===============================================================================
Intel (R) Flash Image Tool. Version: 15.40.16.2534
Copyright (c) 2013 - 2021, Intel Corporation. All rights reserved.
11/12/2022 - 8:00:23 
===============================================================================

Using vsccommn.bin with timestamp 15:10:12 08/11/2021 GMT

Command Line: F:\LBE Versions\LBE++.3.0.0.0\LBE++\MME\WIN32 08\WIN32\fit.exe 

Log file written to fit.log

