
===============================================================================
Intel (R) Flash Image Tool. Version: 11.0.0.1180
Copyright (c) 2013 - 2015, Intel Corporation. All rights reserved.
1/25/2016 - 12:45:22 上午
===============================================================================

Unable to parse vsccommn.bin at C:/Users/春鑫/Desktop/提取ME工具/Intel ME System Tools v11.0 r8/Flash Image Tool/WINDOWS/vsccommn.bin
Error 41: Failed to populate known good VSCC database in memory! 
Error 5010: General error. 

===============================================================================
Intel (R) Flash Image Tool. Version: 11.0.0.1180
Copyright (c) 2013 - 2015, Intel Corporation. All rights reserved.
1/25/2016 - 12:45:27 上午
===============================================================================

Unable to parse vsccommn.bin at C:/Users/春鑫/Desktop/提取ME工具/Intel ME System Tools v11.0 r8/Flash Image Tool/WINDOWS/vsccommn.bin
Error 41: Failed to populate known good VSCC database in memory! 
Error 5010: General error. 

===============================================================================
Intel (R) Flash Image Tool. Version: 11.0.0.1180
Copyright (c) 2013 - 2015, Intel Corporation. All rights reserved.
8/01/2024 - 9:49:30 pm
===============================================================================

Using vsccommn.bin with timestamp 22:21:01 02/26/2015 GMT

Command Line: D:\LBEPro\REPO\DRV\FIT 11.0.0.1180\fit.exe 

Log file written to fit.log

Loading C:\Users\SKCLAPPY.IN\Desktop\SURAJ LOCK\New folder\W25Q128BV@WSON8_20240801_214013_Fixed.Bin

Decomposed SKU Value: "Intel (R) LP Series Chipset - Premium U".

Decomposed PCH Strap Length: 0x42

Warning: The ME FW image loaded has been pulled from a previously booted system. Some FW settings will not be allowed to be changed.
Writing map file D:\LBEPro\REPO\DRV\FIT 11.0.0.1180\W25Q128BV@WSON8_20240801_214013_Fixed\W25Q128BV@WSON8_20240801_214013_Fixed.map
Saving XML ...

XML file written to D:\LBEPro\REPO\DRV\FIT 11.0.0.1180\Untitled.xml
Loading D:\LBEPro\REPO\DRV\FIT 11.0.0.1180\Untitled.xml

Loading XML file: D:\LBEPro\REPO\DRV\FIT 11.0.0.1180\Untitled.xml
Integrated Clock Controller Settings not supported by provided ME image.
Executing pre-build actions
Error 52: [FitActions] IDLM Binary is invalid or corrupt Failed to remove IDLM binary.
Error 5: [CsmeBinaryGen] Error executing pre-build actions. 
Error 15: Failed to build. 
Failed to build!
