
-------------------------------------------------------
 Flash Image Tool  -  11/22/2012  -  13:25:01 
-------------------------------------------------------


Command line: ""
Environment variables:
	$CurWorkDir 	= "."
	$WorkingDir 	= "."
	$SourceDir 	= "."
	$DestDir 	= "."
	$UserVar1 	= "."
	$UserVar2 	= "."
	$UserVar3 	= "."

Using vsccommn.bin with timestamp 03:27:24 06/19/2012 GMT.
USER ACTION: Changing Sku Type.
Loaded default configuration.
Program terminated.
-------------------


-------------------------------------------------------
 Flash Image Tool  -  12/13/2012  -  17:8:12 
-------------------------------------------------------


Command line: ""
Environment variables:
	$CurWorkDir 	= "."
	$WorkingDir 	= "."
	$SourceDir 	= "."
	$DestDir 	= "."
	$UserVar1 	= "."
	$UserVar2 	= "."
	$UserVar3 	= "."

Using vsccommn.bin with timestamp 03:27:24 06/19/2012 GMT.
USER ACTION: Changing Sku Type.
Loaded default configuration.
USER ACTION: Changing Platform.
USER ACTION: Changing Sku Type.
Program terminated.
-------------------


-------------------------------------------------------
 Flash Image Tool  -  12/13/2012  -  17:8:44 
-------------------------------------------------------


Command line: ""
Environment variables:
	$CurWorkDir 	= "."
	$WorkingDir 	= "."
	$SourceDir 	= "."
	$DestDir 	= "."
	$UserVar1 	= "."
	$UserVar2 	= "."
	$UserVar3 	= "."

Using vsccommn.bin with timestamp 03:27:24 06/19/2012 GMT.
USER ACTION: Changing Sku Type.
Loaded default configuration.
Program terminated.
-------------------


-------------------------------------------------------
 Flash Image Tool  -  12/13/2012  -  17:32:28 
-------------------------------------------------------


Command line: ""
Environment variables:
	$CurWorkDir 	= "."
	$WorkingDir 	= "."
	$SourceDir 	= "."
	$DestDir 	= "."
	$UserVar1 	= "."
	$UserVar2 	= "."
	$UserVar3 	= "."

Using vsccommn.bin with timestamp 03:27:24 06/19/2012 GMT.
USER ACTION: Changing Sku Type.
Loaded default configuration.
Program terminated.
-------------------

