
-------------------------------------------------------
 Flash Image Tool  -  1/7/2015  -  20:41:01 
-------------------------------------------------------


Command line: ""
Environment variables:
	$CurWorkDir 	= "."
	$WorkingDir 	= "."
	$SourceDir 	= "."
	$DestDir 	= "."
	$UserVar1 	= "."
	$UserVar2 	= "."
	$UserVar3 	= "."

Using vsccommn.bin with timestamp 00:23:15 03/29/2013 GMT.
USER ACTION: Changing Sku Type.
Loading ICC Settings from XML
Initializing Profile "WiMax" from "Standard"
Initializing Profile "3G" from "Standard"
Initializing Profile "Overclocking" from "Standard"
Initializing Profile "UserProfile" from "Standard"
Loaded default configuration.
Program terminated.
-------------------

