
-------------------------------------------------------
 Flash Image Tool  -  10/15/2015  -  0:9:07 
-------------------------------------------------------


Command line: ""
Environment variables:
	$CurWorkDir 	= "\\192.168.1.42\data\HW\BIOS Tools\Flash Image Tool\V10 Series\Flash Image Tool 10.0.46.1002"
	$WorkingDir 	= "\\192.168.1.42\data\HW\BIOS Tools\Flash Image Tool\V10 Series\Flash Image Tool 10.0.46.1002"
	$SourceDir 	= "\\192.168.1.42\data\HW\BIOS Tools\Flash Image Tool\V10 Series\Flash Image Tool 10.0.46.1002"
	$DestDir 	= "\\192.168.1.42\data\HW\BIOS Tools\Flash Image Tool\V10 Series\Flash Image Tool 10.0.46.1002\Build"
	$UserVar1 	= ".\"
	$UserVar2 	= ".\"
	$UserVar3 	= ".\"

Using vsccommn.bin with timestamp 17:22:47 08/18/2014 GMT.
USER ACTION: Changing Sku Type.
Loading ICC Settings from XML
Initializing Profile "WiMax3G" from "Standard"
Initializing Profile "UserProfile" from "Standard"
Loaded default configuration.
Program terminated.
-------------------

