
===============================================================================
Intel (R) Flash Image Tool. Version: 11.6.10.1196
Copyright (c) 2013 - 2016, Intel Corporation. All rights reserved.
10/18/2022 - 9:19:28 
===============================================================================

Using vsccommn.bin with timestamp 11:18:30 11/15/2016 GMT

Command Line: F:\LBE Versions\LBE++.3.0.0.0\LBE++\LBE++\LBE++\MME\CSME System Tools v11.6 r8 (For 100-200-series SKL-KBL-U and SKL-KBL-Y systems which come with ME firmware v11.0 - v11.6)\fit.exe 

Log file written to fit.log


===============================================================================
Intel (R) Flash Image Tool. Version: 11.6.10.1196
Copyright (c) 2013 - 2016, Intel Corporation. All rights reserved.
4/27/2024 - 1:14:54 pm
===============================================================================

Using vsccommn.bin with timestamp 11:18:30 11/15/2016 GMT

Command Line: D:\LBEPro\REPO\DRV\FIT 11.6.10.1196\fit.exe 

Log file written to fit.log

Loading C:\Users\SKCLAPPY.IN\Desktop\LBE PRO\New folder (2)\New folder\New folder\W25Q128BV@WSON8_20240427_125837_Fixed.Bin

Decomposed SKU Value: "Intel (R) LP Series Chipset - LP No Emulation".

Decomposed PCH Strap Length: 0x42

Warning: The ME FW image loaded has been pulled from a previously booted system. Some FW settings will not be allowed to be changed.
Warning: Could not set "Redirection Privacy / Security Level" to: 0x000000000000000000000000000000000000009803D2EF63840D4BEAFCF845001DC8B7DABE2763C06F3E8C20566518936FC0492801, reverting to previous/default value: Default
Writing map file D:\LBEPro\REPO\DRV\FIT 11.6.10.1196\W25Q128BV@WSON8_20240427_125837_Fixed\W25Q128BV@WSON8_20240427_125837_Fixed.map
Saving XML ...

XML file written to D:\LBEPro\REPO\DRV\FIT 11.6.10.1196\Untitled.xml
Loading D:\LBEPro\REPO\DRV\FIT 11.6.10.1196\Untitled.xml

Loading XML file: D:\LBEPro\REPO\DRV\FIT 11.6.10.1196\Untitled.xml
Executing pre-build actions
ICC Record Profile Index: 0 - Name: Profile 0 - Type: Standard - data (56 bytes) 
10 27 de 26 08 32 cf 00 10 27 10 27 00 00 00 00 
28 00 01 00 04 00 00 00 11 21 01 ed 03 00 03 00 
4e 40 01 ed 00 00 00 00 06 21 01 ed 00 00 00 00 
2e 10 01 dc 00 00 00 00 


Error 52: [FitActions] IDLM Binary is invalid or corrupt Failed to remove IDLM binary.
Error 5: [CsmeBinaryGen] Error executing pre-build actions. 
Error 15: Failed to build. 
Failed to build!

===============================================================================
Intel (R) Flash Image Tool. Version: 11.6.10.1196
Copyright (c) 2013 - 2016, Intel Corporation. All rights reserved.
1/15/2025 - 8:23:37 pm
===============================================================================

Using vsccommn.bin with timestamp 11:18:30 11/15/2016 GMT

Command Line: D:\LBEPro old\REPO\DRV\FIT 11.6.10.1196\fit.exe 

Log file written to fit.log

Loading C:\Users\SKCLAPPY.IN\Desktop\LBE PRO\New folder\HP 250 G8 Compal FPI50 LA-H329P Rev 1.0 BoardView.brd SKCLAPPY.IN\ELETBOOK x360 1030 G2 7TH MAIN OLDMAN-6050A2848001-MB-A01.BIN

Decomposed SKU Value: "Intel (R) LP Series Chipset - Premium U - KBL".

Decomposed PCH Strap Length: 0x42

Warning: Could not set "Embedded Controller Write Access" to: 0x0000010B, reverting to previous/default value: 0xFFF
Warning: Could not set "Embedded Controller Read Access" to: 0x0000010B, reverting to previous/default value: 0xFFF
Warning: The ME FW image loaded has been pulled from a previously booted system. Some FW settings will not be allowed to be changed.
Writing map file D:\LBEPro old\REPO\DRV\FIT 11.6.10.1196\ELETBOOK x360 1030 G2 7TH MAIN OLDMAN-6050A2848001-MB-A01\ELETBOOK x360 1030 G2 7TH MAIN OLDMAN-6050A2848001-MB-A01.map
Saving XML ...

XML file written to D:\LBEPro old\REPO\DRV\FIT 11.6.10.1196\Untitled.xml
Loading D:\LBEPro old\REPO\DRV\FIT 11.6.10.1196\Untitled.xml

Loading XML file: D:\LBEPro old\REPO\DRV\FIT 11.6.10.1196\Untitled.xml
Executing pre-build actions
ICC Record Profile Index: 0 - Name: Profile 0 - Type: Standard - data (88 bytes) 
10 27 de 26 08 32 cf 00 10 27 10 27 00 00 00 00 
48 00 01 00 08 00 00 00 11 21 01 ed 03 00 03 00 
4e 40 01 ed 00 00 00 00 0a 10 01 dc 0f 00 00 00 
06 64 01 ed 00 00 3f 00 86 64 01 ed 00 00 3f 00 
86 61 01 ed 00 00 3f 00 06 21 01 ed 00 00 00 00 
2e 10 01 dc 00 00 00 00 


Building objects
Processing attribute: BuildSettings
Processing attribute: FlashLayout
Committing CSE configuration.
Building image with Chipset Initialization version: 130.52
Processing attribute: FlashSettings
Processing attribute: IntelMeKernel
Processing attribute: IntelAmt
Processing attribute: PlatformProtection
Processing attribute: IntegratedTouch
Processing attribute: Icc
Processing attribute: NetworkingConnectivity
Processing attribute: FlexIo
Processing attribute: InternalPchBuses
Processing attribute: Gpio
Processing attribute: Power
Processing attribute: IntegratedSensorHub
Processing attribute: Debug
Processing attribute: CpuStraps
Executing post-build actions

Full Flash image written to D:\LBEPro old\REPO\DRV\FIT 11.6.10.1196\outimage.bin
Writing map file D:\LBEPro old\REPO\DRV\FIT 11.6.10.1196\outimage.map
