
-------------------------------------------------------
 Flash Image Tool  -  10/14/2015  -  21:2:44 
-------------------------------------------------------


Command line: ""
Environment variables:
	$CurWorkDir 	= "\\192.168.1.42\data\HW\BIOS Tools\Flash Image Tool\V9 Series\Intel ME System Tools v9.0 r2\Flash Image Tool"
	$WorkingDir 	= "\\192.168.1.42\data\HW\BIOS Tools\Flash Image Tool\V9 Series\Intel ME System Tools v9.0 r2\Flash Image Tool"
	$SourceDir 	= "\\192.168.1.42\data\HW\BIOS Tools\Flash Image Tool\V9 Series\Intel ME System Tools v9.0 r2\Flash Image Tool"
	$DestDir 	= "\\192.168.1.42\data\HW\BIOS Tools\Flash Image Tool\V9 Series\Intel ME System Tools v9.0 r2\Flash Image Tool\Build"
	$UserVar1 	= ".\"
	$UserVar2 	= ".\"
	$UserVar3 	= ".\"

Using vsccommn.bin with timestamp 17:50:05 06/28/2013 GMT.
USER ACTION: Changing Sku Type.
Loading ICC Settings from XML
Initializing Profile "WiMax" from "Standard"
Initializing Profile "3G" from "Standard"
Initializing Profile "Overclocking" from "Standard"
Initializing Profile "UserProfile" from "Standard"
Loaded default configuration.

-------------------------------------------------------
 Flash Image Tool  -  10/15/2015  -  0:54:40 
-------------------------------------------------------


Command line: ""
Environment variables:
	$CurWorkDir 	= "\\192.168.1.42\data\HW\BIOS Tools\Flash Image Tool\V9 Series\Flash Image Tool 9.0.22.1467"
	$WorkingDir 	= "\\192.168.1.42\data\HW\BIOS Tools\Flash Image Tool\V9 Series\Flash Image Tool 9.0.22.1467"
	$SourceDir 	= "\\192.168.1.42\data\HW\BIOS Tools\Flash Image Tool\V9 Series\Flash Image Tool 9.0.22.1467"
	$DestDir 	= "\\192.168.1.42\data\HW\BIOS Tools\Flash Image Tool\V9 Series\Flash Image Tool 9.0.22.1467\Build"
	$UserVar1 	= ".\"
	$UserVar2 	= ".\"
	$UserVar3 	= ".\"

Using vsccommn.bin with timestamp 17:50:05 06/28/2013 GMT.
USER ACTION: Changing Sku Type.
Loading ICC Settings from XML
Initializing Profile "WiMax" from "Standard"
Initializing Profile "3G" from "Standard"
Initializing Profile "Overclocking" from "Standard"
Initializing Profile "UserProfile" from "Standard"
Loaded default configuration.
Program terminated.
-------------------

