
-------------------------------------------------------
 Flash Image Tool  -  10/14/2015  -  21:1:00 
-------------------------------------------------------


Command line: ""
Environment variables:
	$CurWorkDir 	= "\\192.168.1.42\data\HW\BIOS Tools\Flash Image Tool\V9 Series\Flash Image Tool_9.0.21.1452"
	$WorkingDir 	= "\\192.168.1.42\data\HW\BIOS Tools\Flash Image Tool\V9 Series\Flash Image Tool_9.0.21.1452"
	$SourceDir 	= "\\192.168.1.42\data\HW\BIOS Tools\Flash Image Tool\V9 Series\Flash Image Tool_9.0.21.1452"
	$DestDir 	= "\\192.168.1.42\data\HW\BIOS Tools\Flash Image Tool\V9 Series\Flash Image Tool_9.0.21.1452\Build"
	$UserVar1 	= ".\"
	$UserVar2 	= ".\"
	$UserVar3 	= ".\"

Using vsccommn.bin with timestamp 18:47:14 06/03/2013 GMT.
USER ACTION: Changing Sku Type.
Loading ICC Settings from XML
Initializing Profile "WiMax" from "Standard"
Initializing Profile "3G" from "Standard"
Initializing Profile "Overclocking" from "Standard"
Initializing Profile "UserProfile" from "Standard"
Loaded default configuration.
Program terminated.
-------------------


-------------------------------------------------------
 Flash Image Tool  -  10/15/2015  -  0:7:01 
-------------------------------------------------------


Command line: ""
Environment variables:
	$CurWorkDir 	= "\\192.168.1.42\data\HW\BIOS Tools\Flash Image Tool\V9 Series\Flash Image Tool 9.0.21.1452"
	$WorkingDir 	= "\\192.168.1.42\data\HW\BIOS Tools\Flash Image Tool\V9 Series\Flash Image Tool 9.0.21.1452"
	$SourceDir 	= "\\192.168.1.42\data\HW\BIOS Tools\Flash Image Tool\V9 Series\Flash Image Tool 9.0.21.1452"
	$DestDir 	= "\\192.168.1.42\data\HW\BIOS Tools\Flash Image Tool\V9 Series\Flash Image Tool 9.0.21.1452\Build"
	$UserVar1 	= ".\"
	$UserVar2 	= ".\"
	$UserVar3 	= ".\"

Using vsccommn.bin with timestamp 18:47:14 06/03/2013 GMT.
USER ACTION: Changing Sku Type.
Loading ICC Settings from XML
Initializing Profile "WiMax" from "Standard"
Initializing Profile "3G" from "Standard"
Initializing Profile "Overclocking" from "Standard"
Initializing Profile "UserProfile" from "Standard"
Loaded default configuration.
Program terminated.
-------------------


-------------------------------------------------------
 Flash Image Tool  -  10/15/2015  -  0:54:21 
-------------------------------------------------------


Command line: ""
Environment variables:
	$CurWorkDir 	= "\\192.168.1.42\data\HW\BIOS Tools\Flash Image Tool\V9 Series\Flash Image Tool 9.0.21.1452"
	$WorkingDir 	= "\\192.168.1.42\data\HW\BIOS Tools\Flash Image Tool\V9 Series\Flash Image Tool 9.0.21.1452"
	$SourceDir 	= "\\192.168.1.42\data\HW\BIOS Tools\Flash Image Tool\V9 Series\Flash Image Tool 9.0.21.1452"
	$DestDir 	= "\\192.168.1.42\data\HW\BIOS Tools\Flash Image Tool\V9 Series\Flash Image Tool 9.0.21.1452\Build"
	$UserVar1 	= ".\"
	$UserVar2 	= ".\"
	$UserVar3 	= ".\"

Using vsccommn.bin with timestamp 18:47:14 06/03/2013 GMT.
USER ACTION: Changing Sku Type.
Loading ICC Settings from XML
Initializing Profile "WiMax" from "Standard"
Initializing Profile "3G" from "Standard"
Initializing Profile "Overclocking" from "Standard"
Initializing Profile "UserProfile" from "Standard"
Loaded default configuration.
Program terminated.
-------------------


-------------------------------------------------------
 Flash Image Tool  -  10/15/2015  -  1:2:34 
-------------------------------------------------------


Command line: ""
Environment variables:
	$CurWorkDir 	= "\\192.168.1.42\data\HW\BIOS Tools\Flash Image Tool\V9 Series\Flash Image Tool 9.0.21.1452"
	$WorkingDir 	= "\\192.168.1.42\data\HW\BIOS Tools\Flash Image Tool\V9 Series\Flash Image Tool 9.0.21.1452"
	$SourceDir 	= "\\192.168.1.42\data\HW\BIOS Tools\Flash Image Tool\V9 Series\Flash Image Tool 9.0.21.1452"
	$DestDir 	= "\\192.168.1.42\data\HW\BIOS Tools\Flash Image Tool\V9 Series\Flash Image Tool 9.0.21.1452\Build"
	$UserVar1 	= ".\"
	$UserVar2 	= ".\"
	$UserVar3 	= ".\"

Using vsccommn.bin with timestamp 18:47:14 06/03/2013 GMT.
USER ACTION: Changing Sku Type.
Loading ICC Settings from XML
Initializing Profile "WiMax" from "Standard"
Initializing Profile "3G" from "Standard"
Initializing Profile "Overclocking" from "Standard"
Initializing Profile "UserProfile" from "Standard"
Loaded default configuration.
Program terminated.
-------------------

