
===============================================================================
Intel (R) Flash Image Tool. Version: 15.0.10.1447
Copyright (c) 2013 - 2020, Intel Corporation. All rights reserved.
8/10/2024 - 5:42:24 pm
===============================================================================

Using vsccommn.bin with timestamp 19:06:41 03/20/2020 GMT

Command Line: D:\LBEPro\REPO\DRV\FIT 15.0.10.1447\fit.exe 

Log file written to fit.log

Loading C:\Users\SKCLAPPY.IN\Desktop\SURAJ LOCK\20240810_173031.bin

Decomposed SKU Value: "Intel(R) Tigerlake LP B0 Chipset - TGP-LP-B0 No Emulation".

FIT version used to build the image: 15.0.1.1345 

Writing map file D:\LBEPro\REPO\DRV\FIT 15.0.10.1447\20240810_173031\20240810_173031.map

Saving XML ...

XML file written to D:\LBEPro\REPO\DRV\FIT 15.0.10.1447\Untitled.xml
Loading D:\LBEPro\REPO\DRV\FIT 15.0.10.1447\Untitled.xml

Loading XML file: D:\LBEPro\REPO\DRV\FIT 15.0.10.1447\Untitled.xml
Loading XML file: D:\LBEPro\REPO\DRV\FIT 15.0.10.1447\Untitled.xml
Warning: Invalid value specified for "Failsafe Boot Profile": 0x00, reverting to previous/default value: Profile 0

Start Building FWUpdate Image 

Executing pre-build actions

Warning: CSE FW version: 15.0.1.1345 is not the same as the FIT version: 15.0.10.1447

Committing ME configuration.
Building objects
Processing attribute: FWUpdateImage
Executing post-build actions

FW Update Image written to D:\LBEPro\REPO\DRV\FIT 15.0.10.1447\FWUpdate.bin
Start Building  Image 

Executing pre-build actions

Warning: CSE FW version: 15.0.1.1345 is not the same as the FIT version: 15.0.10.1447

ICC Record Profile Index: 0 - Name: Profile 0 - Type: Standard
Profile flags value: 0x0
Registers:
offset: 0x6280. endpoint_id: 0xAD. mask: 0x20000000. value: 0x249D98D5.
offset: 0x6300. endpoint_id: 0xAD. mask: 0x20000000. value: 0x249D98D5.
offset: 0x6380. endpoint_id: 0xAD. mask: 0x20000000. value: 0x249D98D5.
offset: 0x6400. endpoint_id: 0xAD. mask: 0x20000000. value: 0x249D98D5.
Binary Data:
10 27 10 27 19 32 cf 00 10 27 10 27 00 32 00 00 
54 00 01 00 00 00 00 00 ad 80 62 00 00 00 00 20 
d5 98 9d 24 00 00 00 00 00 00 00 00 ad 00 63 00 
00 00 00 20 d5 98 9d 24 00 00 00 00 00 00 00 00 
ad 80 63 00 00 00 00 20 d5 98 9d 24 00 00 00 00 
00 00 00 00 ad 00 64 00 00 00 00 20 d5 98 9d 24 
00 00 00 00 


Committing ME configuration.
Unable to set Platform Id in ME configuration. ME provided image does not have support for Platform Id configuration.
Committing ME configuration.
Building objects
Processing attribute: BuildSettings
Processing attribute: HarnessInfo
Processing attribute: FlashLayout
Processing attribute: FlashSettings
Processing attribute: IntelMeKernel
Processing attribute: IntelAmt
Processing attribute: PlatformProtection
Processing attribute: Icc
Processing attribute: NetworkingConnectivity
Processing attribute: InternalPchBuses
Processing attribute: Power
Processing attribute: IntegratedSensorHub
Processing attribute: Camera
Processing attribute: Debug
Processing attribute: CpuStraps
Processing attribute: IfwiBinaryLayout
Processing attribute: StrapsDifferences
Processing attribute: FlexIO
Processing attribute: Gpio
Processing attribute: Dnx
Processing attribute: IntelUniquePlatformId
Processing attribute: (Disabled) FWUpdateImage
Executing post-build actions
Warning: OEM Signing is Disabled

Full Flash Image written to D:\LBEPro\REPO\DRV\FIT 15.0.10.1447\outimage.bin
Writing map file D:\LBEPro\REPO\DRV\FIT 15.0.10.1447\outimage.map


===============================================================================
Intel (R) Flash Image Tool. Version: 15.0.10.1447
Copyright (c) 2013 - 2020, Intel Corporation. All rights reserved.
1/15/2025 - 7:26:47 pm
===============================================================================

Using vsccommn.bin with timestamp 19:06:41 03/20/2020 GMT

Command Line: D:\LBEPro old\REPO\DRV\FIT 15.0.10.1447\fit.exe 

Log file written to fit.log

Loading C:\Users\SKCLAPPY.IN\Desktop\LBE PRO\New folder\W25Q128BV SKCLAPPY.IN\W25Q128BV_leakymosfet.bin

Decomposed SKU Value: "Intel(R) Tigerlake LP B0 Chipset - TGP-LP-B0 Premium U".

FIT version used to build the image: 15.0.1.1345 

Writing map file D:\LBEPro old\REPO\DRV\FIT 15.0.10.1447\W25Q128BV_leakymosfet\W25Q128BV_leakymosfet.map

Saving XML ...

XML file written to D:\LBEPro old\REPO\DRV\FIT 15.0.10.1447\Untitled.xml
Loading D:\LBEPro old\REPO\DRV\FIT 15.0.10.1447\Untitled.xml

Loading XML file: D:\LBEPro old\REPO\DRV\FIT 15.0.10.1447\Untitled.xml
Loading XML file: D:\LBEPro old\REPO\DRV\FIT 15.0.10.1447\Untitled.xml
Warning: Invalid value specified for "Failsafe Boot Profile": 0x00, reverting to previous/default value: Profile 0
Start Building  Image 

Executing pre-build actions

Warning: CSE FW version: 15.0.1.1345 is not the same as the FIT version: 15.0.10.1447

ICC Record Profile Index: 0 - Name: Profile 0 - Type: Standard
Profile flags value: 0x0
Registers:
offset: 0x6300. endpoint_id: 0xAD. mask: 0x20000000. value: 0x249D98D5.
offset: 0x6400. endpoint_id: 0xAD. mask: 0x20000000. value: 0x249D98D5.
offset: 0x6480. endpoint_id: 0xAD. mask: 0x20000000. value: 0x249D98D5.
offset: 0x6180. endpoint_id: 0xAD. mask: 0x20000000. value: 0x249D98D5.
Binary Data:
10 27 10 27 19 32 cf 00 10 27 10 27 00 32 00 00 
54 00 01 00 00 00 00 00 ad 00 63 00 00 00 00 20 
d5 98 9d 24 00 00 00 00 00 00 00 00 ad 00 64 00 
00 00 00 20 d5 98 9d 24 00 00 00 00 00 00 00 00 
ad 80 64 00 00 00 00 20 d5 98 9d 24 00 00 00 00 
00 00 00 00 ad 80 61 00 00 00 00 20 d5 98 9d 24 
00 00 00 00 


Committing ME configuration.
Unable to set Platform Id in ME configuration. ME provided image does not have support for Platform Id configuration.
Committing ME configuration.
Building objects
Processing attribute: BuildSettings
Processing attribute: HarnessInfo
Processing attribute: FlashLayout
Processing attribute: FlashSettings
Processing attribute: IntelMeKernel
Processing attribute: IntelAmt
Processing attribute: PlatformProtection
Processing attribute: Icc
Processing attribute: NetworkingConnectivity
Processing attribute: InternalPchBuses
Processing attribute: Power
Processing attribute: IntegratedSensorHub
Processing attribute: Camera
Processing attribute: Debug
Processing attribute: CpuStraps
Processing attribute: IfwiBinaryLayout
Processing attribute: StrapsDifferences
Processing attribute: FlexIO
Processing attribute: Gpio
Processing attribute: Dnx
Processing attribute: IntelUniquePlatformId
Processing attribute: (Disabled) FWUpdateImage
Executing post-build actions

Full Flash Image written to D:\LBEPro old\REPO\DRV\FIT 15.0.10.1447\outimage.bin
Writing map file D:\LBEPro old\REPO\DRV\FIT 15.0.10.1447\outimage.map

